<?xml version="1.0" encoding="UTF-8"?>
<!-- Generated by org.testng.reporters.JUnitXMLReporter -->
<testsuite hostname="DESKTOP-EJTJG9I" name="Default test" tests="4" failures="0" timestamp="15 Jul 2018 14:31:38 GMT" time="20.19" errors="0">
  <testcase name="testA" time="6.629" classname="FRCase.Login"/>
  <testcase name="testA" time="2.963" classname="FRCase.Login"/>
  <testcase name="testA" time="3.666" classname="FRCase.Login"/>
  <testcase name="testA" time="2.218" classname="FRCase.Login"/>
</testsuite> <!-- Default test -->
