<?xml version="1.0" encoding="UTF-8"?>
<!-- Generated by org.testng.reporters.JUnitXMLReporter -->
<testsuite hostname="DESKTOP-EJTJG9I" name="Test" tests="4" failures="0" timestamp="15 Jul 2018 14:48:46 GMT" time="24.867" errors="0">
  <testcase name="testA" time="6.159" classname="FRCase.Login"/>
  <testcase name="testA" time="4.639" classname="FRCase.Login"/>
  <testcase name="testA" time="4.56" classname="FRCase.Login"/>
  <testcase name="testA" time="4.598" classname="FRCase.Login"/>
</testsuite> <!-- Test -->
