<?xml version="1.0" encoding="UTF-8"?>
<!-- Generated by org.testng.reporters.JUnitXMLReporter -->
<testsuite hostname="DESKTOP-EJTJG9I" name="Test" tests="4" failures="4" timestamp="5 Aug 2018 02:40:56 GMT" time="28.179" errors="0">
  <testcase name="testA" time="7.084" classname="FRCase.Login">
    <failure type="java.lang.AssertionError" message="expected [true] but found [false]">
      <![CDATA[java.lang.AssertionError: expected [true] but found [false]
	at FRCase.Login.testA(Login.java:29)
... Removed 31 stack frames]]>
    </failure>
  </testcase> <!-- testA -->
  <testcase name="testA" time="5.339" classname="FRCase.Login">
    <failure type="java.lang.AssertionError" message="expected [true] but found [false]">
      <![CDATA[java.lang.AssertionError: expected [true] but found [false]
	at FRCase.Login.testA(Login.java:29)
... Removed 31 stack frames]]>
    </failure>
  </testcase> <!-- testA -->
  <testcase name="testA" time="5.413" classname="FRCase.Login">
    <failure type="java.lang.AssertionError" message="expected [true] but found [false]">
      <![CDATA[java.lang.AssertionError: expected [true] but found [false]
	at FRCase.Login.testA(Login.java:29)
... Removed 31 stack frames]]>
    </failure>
  </testcase> <!-- testA -->
  <testcase name="testA" time="5.307" classname="FRCase.Login">
    <failure type="java.lang.AssertionError" message="expected [true] but found [false]">
      <![CDATA[java.lang.AssertionError: expected [true] but found [false]
	at FRCase.Login.testA(Login.java:29)
... Removed 31 stack frames]]>
    </failure>
  </testcase> <!-- testA -->
</testsuite> <!-- Test -->
