<?xml version="1.0" encoding="UTF-8"?>
<testng-results skipped="0" failed="0" total="4" passed="4">
  <reporter-output>
  </reporter-output>
  <suite name="Default suite" duration-ms="34890" started-at="2018-08-05T02:43:13Z" finished-at="2018-08-05T02:43:48Z">
    <groups>
    </groups>
    <test name="Default test" duration-ms="34890" started-at="2018-08-05T02:43:13Z" finished-at="2018-08-05T02:43:48Z">
      <class name="FRCase.Login">
        <test-method status="PASS" signature="beforeMethod()[pri:0, instance:FRCase.Login@1fdc050]" name="beforeMethod" is-config="true" duration-ms="3088" started-at="2018-08-05T10:43:13Z" finished-at="2018-08-05T10:43:16Z">
          <reporter-output>
          </reporter-output>
        </test-method> <!-- beforeMethod -->
        <test-method status="PASS" signature="testA(java.lang.String, java.lang.String)[pri:0, instance:FRCase.Login@1fdc050]" name="testA" duration-ms="8341" started-at="2018-08-05T10:43:17Z" data-provider="dp" finished-at="2018-08-05T10:43:25Z">
          <params>
            <param index="0">
              <value>
                <![CDATA[1]]>
              </value>
            </param>
            <param index="1">
              <value>
                <![CDATA[你好]]>
              </value>
            </param>
          </params>
          <reporter-output>
          </reporter-output>
        </test-method> <!-- testA -->
        <test-method status="PASS" signature="testA(java.lang.String, java.lang.String)[pri:0, instance:FRCase.Login@1fdc050]" name="testA" duration-ms="7323" started-at="2018-08-05T10:43:25Z" data-provider="dp" finished-at="2018-08-05T10:43:32Z">
          <params>
            <param index="0">
              <value>
                <![CDATA[2]]>
              </value>
            </param>
            <param index="1">
              <value>
                <![CDATA[大喜]]>
              </value>
            </param>
          </params>
          <reporter-output>
          </reporter-output>
        </test-method> <!-- testA -->
        <test-method status="PASS" signature="testA(java.lang.String, java.lang.String)[pri:0, instance:FRCase.Login@1fdc050]" name="testA" duration-ms="7280" started-at="2018-08-05T10:43:32Z" data-provider="dp" finished-at="2018-08-05T10:43:39Z">
          <params>
            <param index="0">
              <value>
                <![CDATA[3]]>
              </value>
            </param>
            <param index="1">
              <value>
                <![CDATA[过望]]>
              </value>
            </param>
          </params>
          <reporter-output>
          </reporter-output>
        </test-method> <!-- testA -->
        <test-method status="PASS" signature="testA(java.lang.String, java.lang.String)[pri:0, instance:FRCase.Login@1fdc050]" name="testA" duration-ms="7298" started-at="2018-08-05T10:43:39Z" data-provider="dp" finished-at="2018-08-05T10:43:47Z">
          <params>
            <param index="0">
              <value>
                <![CDATA[4]]>
              </value>
            </param>
            <param index="1">
              <value>
                <![CDATA[可爱]]>
              </value>
            </param>
          </params>
          <reporter-output>
          </reporter-output>
        </test-method> <!-- testA -->
        <test-method status="PASS" signature="afterMethod()[pri:0, instance:FRCase.Login@1fdc050]" name="afterMethod" is-config="true" duration-ms="1379" started-at="2018-08-05T10:43:47Z" finished-at="2018-08-05T10:43:48Z">
          <reporter-output>
          </reporter-output>
        </test-method> <!-- afterMethod -->
      </class> <!-- FRCase.Login -->
    </test> <!-- Default test -->
  </suite> <!-- Default suite -->
</testng-results>
